Vivado Simulator 2019.2
Time resolution is 1 ps
==============================================================
Test begin!
----[  12375 ns] Number 8'd01 Functional Test Point PASS!!!
        [  22000 ns] Test is running, debug_wb_pc = 0x1c0394fc
        [  32000 ns] Test is running, debug_wb_pc = 0x1c03a49c
----[  36725 ns] Number 8'd02 Functional Test Point PASS!!!
        [  42000 ns] Test is running, debug_wb_pc = 0x1c024ae0
        [  52000 ns] Test is running, debug_wb_pc = 0x1c025a80
----[  55055 ns] Number 8'd03 Functional Test Point PASS!!!
        [  62000 ns] Test is running, debug_wb_pc = 0x1c0134f4
        [  72000 ns] Test is running, debug_wb_pc = 0x1c014494
----[  79405 ns] Number 8'd04 Functional Test Point PASS!!!
        [  82000 ns] Test is running, debug_wb_pc = 0x1c026308
        [  92000 ns] Test is running, debug_wb_pc = 0x1c0272a8
        [ 102000 ns] Test is running, debug_wb_pc = 0x1c028248
----[ 103755 ns] Number 8'd05 Functional Test Point PASS!!!
        [ 112000 ns] Test is running, debug_wb_pc = 0x1c0037ec
        [ 122000 ns] Test is running, debug_wb_pc = 0x1c00478c
----[ 128105 ns] Number 8'd06 Functional Test Point PASS!!!
        [ 132000 ns] Test is running, debug_wb_pc = 0x1c010a70
        [ 142000 ns] Test is running, debug_wb_pc = 0x1c011a10
        [ 152000 ns] Test is running, debug_wb_pc = 0x1c0129b0
----[ 152455 ns] Number 8'd07 Functional Test Point PASS!!!
        [ 162000 ns] Test is running, debug_wb_pc = 0x1c001434
        [ 172000 ns] Test is running, debug_wb_pc = 0x1c0023d4
----[ 176805 ns] Number 8'd08 Functional Test Point PASS!!!
        [ 182000 ns] Test is running, debug_wb_pc = 0x1c028cd8
        [ 192000 ns] Test is running, debug_wb_pc = 0x1c029c78
----[ 201155 ns] Number 8'd09 Functional Test Point PASS!!!
        [ 202000 ns] Test is running, debug_wb_pc = 0x1c036184
        [ 212000 ns] Test is running, debug_wb_pc = 0x1c037124
        [ 222000 ns] Test is running, debug_wb_pc = 0x1c0380c4
----[ 225505 ns] Number 8'd10 Functional Test Point PASS!!!
        [ 232000 ns] Test is running, debug_wb_pc = 0x1c005af0
        [ 242000 ns] Test is running, debug_wb_pc = 0x1c006a90
----[ 243835 ns] Number 8'd11 Functional Test Point PASS!!!
        [ 252000 ns] Test is running, debug_wb_pc = 0x1c02f8fc
        [ 262000 ns] Test is running, debug_wb_pc = 0x1c03089c
----[ 262165 ns] Number 8'd12 Functional Test Point PASS!!!
        [ 272000 ns] Test is running, debug_wb_pc = 0x1c01d4f0
----[ 280495 ns] Number 8'd13 Functional Test Point PASS!!!
        [ 282000 ns] Test is running, debug_wb_pc = 0x1c006f7c
----[ 291005 ns] Number 8'd14 Functional Test Point PASS!!!
        [ 292000 ns] Test is running, debug_wb_pc = 0x1c007ed0
        [ 302000 ns] Test is running, debug_wb_pc = 0x1c008e70
----[ 302315 ns] Number 8'd15 Functional Test Point PASS!!!
        [ 312000 ns] Test is running, debug_wb_pc = 0x1c00a274
        [ 322000 ns] Test is running, debug_wb_pc = 0x1c00b6d4
        [ 332000 ns] Test is running, debug_wb_pc = 0x1c00c7b8
        [ 342000 ns] Test is running, debug_wb_pc = 0x1c00d8cc
        [ 352000 ns] Test is running, debug_wb_pc = 0x1c00ec6c
        [ 362000 ns] Test is running, debug_wb_pc = 0x1c010104
----[ 363815 ns] Number 8'd16 Functional Test Point PASS!!!
        [ 372000 ns] Test is running, debug_wb_pc = 0x1c015dbc
        [ 382000 ns] Test is running, debug_wb_pc = 0x1c016eb4
        [ 392000 ns] Test is running, debug_wb_pc = 0x1c018174
        [ 402000 ns] Test is running, debug_wb_pc = 0x1c01960c
        [ 412000 ns] Test is running, debug_wb_pc = 0x1c01a874
        [ 422000 ns] Test is running, debug_wb_pc = 0x1c01b97c
----[ 429275 ns] Number 8'd17 Functional Test Point PASS!!!
        [ 432000 ns] Test is running, debug_wb_pc = 0x1c030d24
        [ 442000 ns] Test is running, debug_wb_pc = 0x1c031df4
        [ 452000 ns] Test is running, debug_wb_pc = 0x1c032ecc
        [ 462000 ns] Test is running, debug_wb_pc = 0x1c033f9c
        [ 472000 ns] Test is running, debug_wb_pc = 0x1c035064
----[ 481545 ns] Number 8'd18 Functional Test Point PASS!!!
        [ 482000 ns] Test is running, debug_wb_pc = 0x1c01f200
        [ 492000 ns] Test is running, debug_wb_pc = 0x1c0202f0
        [ 502000 ns] Test is running, debug_wb_pc = 0x1c0213d8
        [ 512000 ns] Test is running, debug_wb_pc = 0x1c0224c8
        [ 522000 ns] Test is running, debug_wb_pc = 0x1c0235b8
----[ 529815 ns] Number 8'd19 Functional Test Point PASS!!!
        [ 532000 ns] Test is running, debug_wb_pc = 0x1c02ae44
        [ 542000 ns] Test is running, debug_wb_pc = 0x1c02bf7c
        [ 552000 ns] Test is running, debug_wb_pc = 0x1c02d0c4
        [ 562000 ns] Test is running, debug_wb_pc = 0x1c02e204
----[ 568085 ns] Number 8'd20 Functional Test Point PASS!!!
==============================================================
gettrace end!
----Succeed in generating trace file!
$finish called at time : 568405 ns : File "E:/2021autum/computerarchitectureseminar/computer_architecture/lab3/CPU_CDE/gettrace/src/tb_top.v" Line 225
