#-----------------------------------------------------------
# Vivado v2019.2 (64-bit)
# SW Build 2708876 on Wed Nov  6 21:40:23 MST 2019
# IP Build 2700528 on Thu Nov  7 00:09:20 MST 2019
# Start of session at: Mon Sep 20 21:19:30 2021
# Process ID: 17480
# Current directory: E:/2021autum/computerarchitectureseminar/computer_architecture/lab3/CPU_CDE/gettrace
# Command line: vivado.exe -gui_launcher_event rodinguilauncherevent22888 E:\2021autum\computerarchitectureseminar\computer_architecture\lab3\CPU_CDE\gettrace\gettrace.xpr
# Log file: E:/2021autum/computerarchitectureseminar/computer_architecture/lab3/CPU_CDE/gettrace/vivado.log
# Journal file: E:/2021autum/computerarchitectureseminar/computer_architecture/lab3/CPU_CDE/gettrace\vivado.jou
#-----------------------------------------------------------
start_gui
open_project E:/2021autum/computerarchitectureseminar/computer_architecture/lab3/CPU_CDE/gettrace/gettrace.xpr
INFO: [ProjectBase 1-489] The host OS only allows 260 characters in a normal path. The project is stored in a path with more than 80 characters. If you experience issues with IP, Block Designs, or files not being found, please consider moving the project to a location with a shorter path. Alternately consider using the OS subst command to map part of the path to a drive letter.
Current project path is 'E:/2021autum/computerarchitectureseminar/computer_architecture/lab3/CPU_CDE/gettrace'
Scanning sources...
Finished scanning sources
INFO: [IP_Flow 19-234] Refreshing IP repositories
INFO: [IP_Flow 19-1704] No user IP repositories specified
INFO: [IP_Flow 19-2313] Loaded Vivado IP repository 'H:/vivado/Vivado/2019.2/data/ip'.
open_project: Time (s): cpu = 00:00:15 ; elapsed = 00:00:06 . Memory (MB): peak = 750.289 ; gain = 91.949
update_compile_order -fileset sources_1
launch_simulation
Command: launch_simulation 
INFO: [Vivado 12-5682] Launching behavioral simulation in 'E:/2021autum/computerarchitectureseminar/computer_architecture/lab3/CPU_CDE/gettrace/gettrace.sim/sim_1/behav/xsim'
INFO: [SIM-utils-51] Simulation object is 'sim_1'
INFO: [SIM-utils-54] Inspecting design source files for 'tb_top' in fileset 'sim_1'...
INFO: [USF-XSim-97] Finding global include files...
INFO: [USF-XSim-98] Fetching design files from 'sim_1'...
INFO: [USF-XSim-2] XSim::Compile design
INFO: [USF-XSim-61] Executing 'COMPILE and ANALYZE' step in 'E:/2021autum/computerarchitectureseminar/computer_architecture/lab3/CPU_CDE/gettrace/gettrace.sim/sim_1/behav/xsim'
"xvlog --incr --relax -prj tb_top_vlog.prj"
INFO: [USF-XSim-69] 'compile' step finished in '1' seconds
INFO: [USF-XSim-3] XSim::Elaborate design
INFO: [USF-XSim-61] Executing 'ELABORATE' step in 'E:/2021autum/computerarchitectureseminar/computer_architecture/lab3/CPU_CDE/gettrace/gettrace.sim/sim_1/behav/xsim'
"xelab -wto f64dd51de259492d93bd1922eb923ed9 --incr --debug typical --relax --mt 2 -L xil_defaultlib -L unisims_ver -L unimacro_ver -L secureip --snapshot tb_top_behav xil_defaultlib.tb_top xil_defaultlib.glbl -log elaborate.log"
Vivado Simulator 2019.2
Copyright 1986-1999, 2001-2019 Xilinx, Inc. All Rights Reserved.
Running: H:/vivado/Vivado/2019.2/bin/unwrapped/win64.o/xelab.exe -wto f64dd51de259492d93bd1922eb923ed9 --incr --debug typical --relax --mt 2 -L xil_defaultlib -L unisims_ver -L unimacro_ver -L secureip --snapshot tb_top_behav xil_defaultlib.tb_top xil_defaultlib.glbl -log elaborate.log 
Using 2 slave threads.
Starting static elaboration
Pass Through NonSizing Optimizer
Completed static elaboration
INFO: [XSIM 43-4323] No Change in HDL. Linking previously generated obj files to create kernel
INFO: [USF-XSim-69] 'elaborate' step finished in '3' seconds
INFO: [USF-XSim-4] XSim::Simulate design
INFO: [USF-XSim-61] Executing 'SIMULATE' step in 'E:/2021autum/computerarchitectureseminar/computer_architecture/lab3/CPU_CDE/gettrace/gettrace.sim/sim_1/behav/xsim'
INFO: [USF-XSim-98] *** Running xsim
   with args "tb_top_behav -key {Behavioral:sim_1:Functional:tb_top} -tclbatch {tb_top.tcl} -log {simulate.log}"
INFO: [USF-XSim-8] Loading simulator feature
Vivado Simulator 2019.2
Time resolution is 1 ps
source tb_top.tcl
# set curr_wave [current_wave_config]
# if { [string length $curr_wave] == 0 } {
#   if { [llength [get_objects]] > 0} {
#     add_wave /
#     set_property needs_save false [current_wave_config]
#   } else {
#      send_msg_id Add_Wave-1 WARNING "No top level signals found. Simulator will start without a wave window. If you want to open a wave window go to 'File->New Waveform Configuration' or type 'create_wave_config' in the TCL console."
#   }
# }
# run 1000ns
INFO: [USF-XSim-96] XSim completed. Design snapshot 'tb_top_behav' loaded.
INFO: [USF-XSim-97] XSim simulation ran for 1000ns
launch_simulation: Time (s): cpu = 00:00:07 ; elapsed = 00:00:08 . Memory (MB): peak = 966.348 ; gain = 0.000
run all
==============================================================
Test begin!
----[  12375 ns] Number 8'd01 Functional Test Point PASS!!!
        [  22000 ns] Test is running, debug_wb_pc = 0x1c0394fc
        [  32000 ns] Test is running, debug_wb_pc = 0x1c03a49c
----[  36725 ns] Number 8'd02 Functional Test Point PASS!!!
        [  42000 ns] Test is running, debug_wb_pc = 0x1c024ae0
        [  52000 ns] Test is running, debug_wb_pc = 0x1c025a80
----[  55055 ns] Number 8'd03 Functional Test Point PASS!!!
        [  62000 ns] Test is running, debug_wb_pc = 0x1c0134f4
        [  72000 ns] Test is running, debug_wb_pc = 0x1c014494
----[  79405 ns] Number 8'd04 Functional Test Point PASS!!!
        [  82000 ns] Test is running, debug_wb_pc = 0x1c026308
        [  92000 ns] Test is running, debug_wb_pc = 0x1c0272a8
        [ 102000 ns] Test is running, debug_wb_pc = 0x1c028248
----[ 103755 ns] Number 8'd05 Functional Test Point PASS!!!
        [ 112000 ns] Test is running, debug_wb_pc = 0x1c0037ec
        [ 122000 ns] Test is running, debug_wb_pc = 0x1c00478c
----[ 128105 ns] Number 8'd06 Functional Test Point PASS!!!
        [ 132000 ns] Test is running, debug_wb_pc = 0x1c010a70
        [ 142000 ns] Test is running, debug_wb_pc = 0x1c011a10
        [ 152000 ns] Test is running, debug_wb_pc = 0x1c0129b0
----[ 152455 ns] Number 8'd07 Functional Test Point PASS!!!
        [ 162000 ns] Test is running, debug_wb_pc = 0x1c001434
        [ 172000 ns] Test is running, debug_wb_pc = 0x1c0023d4
----[ 176805 ns] Number 8'd08 Functional Test Point PASS!!!
        [ 182000 ns] Test is running, debug_wb_pc = 0x1c028cd8
        [ 192000 ns] Test is running, debug_wb_pc = 0x1c029c78
----[ 201155 ns] Number 8'd09 Functional Test Point PASS!!!
        [ 202000 ns] Test is running, debug_wb_pc = 0x1c036184
        [ 212000 ns] Test is running, debug_wb_pc = 0x1c037124
        [ 222000 ns] Test is running, debug_wb_pc = 0x1c0380c4
----[ 225505 ns] Number 8'd10 Functional Test Point PASS!!!
        [ 232000 ns] Test is running, debug_wb_pc = 0x1c005af0
        [ 242000 ns] Test is running, debug_wb_pc = 0x1c006a90
----[ 243835 ns] Number 8'd11 Functional Test Point PASS!!!
        [ 252000 ns] Test is running, debug_wb_pc = 0x1c02f8fc
        [ 262000 ns] Test is running, debug_wb_pc = 0x1c03089c
----[ 262165 ns] Number 8'd12 Functional Test Point PASS!!!
        [ 272000 ns] Test is running, debug_wb_pc = 0x1c01d4f0
----[ 280495 ns] Number 8'd13 Functional Test Point PASS!!!
        [ 282000 ns] Test is running, debug_wb_pc = 0x1c006f7c
----[ 291005 ns] Number 8'd14 Functional Test Point PASS!!!
        [ 292000 ns] Test is running, debug_wb_pc = 0x1c007ed0
        [ 302000 ns] Test is running, debug_wb_pc = 0x1c008e70
----[ 302315 ns] Number 8'd15 Functional Test Point PASS!!!
        [ 312000 ns] Test is running, debug_wb_pc = 0x1c00a274
        [ 322000 ns] Test is running, debug_wb_pc = 0x1c00b6d4
        [ 332000 ns] Test is running, debug_wb_pc = 0x1c00c7b8
        [ 342000 ns] Test is running, debug_wb_pc = 0x1c00d8cc
        [ 352000 ns] Test is running, debug_wb_pc = 0x1c00ec6c
        [ 362000 ns] Test is running, debug_wb_pc = 0x1c010104
----[ 363815 ns] Number 8'd16 Functional Test Point PASS!!!
        [ 372000 ns] Test is running, debug_wb_pc = 0x1c015dbc
        [ 382000 ns] Test is running, debug_wb_pc = 0x1c016eb4
        [ 392000 ns] Test is running, debug_wb_pc = 0x1c018174
        [ 402000 ns] Test is running, debug_wb_pc = 0x1c01960c
        [ 412000 ns] Test is running, debug_wb_pc = 0x1c01a874
        [ 422000 ns] Test is running, debug_wb_pc = 0x1c01b97c
----[ 429275 ns] Number 8'd17 Functional Test Point PASS!!!
        [ 432000 ns] Test is running, debug_wb_pc = 0x1c030d24
        [ 442000 ns] Test is running, debug_wb_pc = 0x1c031df4
        [ 452000 ns] Test is running, debug_wb_pc = 0x1c032ecc
        [ 462000 ns] Test is running, debug_wb_pc = 0x1c033f9c
        [ 472000 ns] Test is running, debug_wb_pc = 0x1c035064
----[ 481545 ns] Number 8'd18 Functional Test Point PASS!!!
        [ 482000 ns] Test is running, debug_wb_pc = 0x1c01f200
        [ 492000 ns] Test is running, debug_wb_pc = 0x1c0202f0
        [ 502000 ns] Test is running, debug_wb_pc = 0x1c0213d8
        [ 512000 ns] Test is running, debug_wb_pc = 0x1c0224c8
        [ 522000 ns] Test is running, debug_wb_pc = 0x1c0235b8
----[ 529815 ns] Number 8'd19 Functional Test Point PASS!!!
        [ 532000 ns] Test is running, debug_wb_pc = 0x1c02ae44
        [ 542000 ns] Test is running, debug_wb_pc = 0x1c02bf7c
        [ 552000 ns] Test is running, debug_wb_pc = 0x1c02d0c4
        [ 562000 ns] Test is running, debug_wb_pc = 0x1c02e204
----[ 568085 ns] Number 8'd20 Functional Test Point PASS!!!
==============================================================
gettrace end!
----Succeed in generating trace file!
$finish called at time : 568405 ns : File "E:/2021autum/computerarchitectureseminar/computer_architecture/lab3/CPU_CDE/gettrace/src/tb_top.v" Line 225
run: Time (s): cpu = 00:00:09 ; elapsed = 00:00:16 . Memory (MB): peak = 966.348 ; gain = 0.000
close_sim
INFO: [Simtcl 6-16] Simulation closed
exit
INFO: [Common 17-206] Exiting Vivado at Mon Sep 20 21:21:45 2021...
