#-----------------------------------------------------------
# Vivado v2019.2 (64-bit)
# SW Build 2708876 on Wed Nov  6 21:40:23 MST 2019
# IP Build 2700528 on Thu Nov  7 00:09:20 MST 2019
# Start of session at: Tue Sep  7 18:41:15 2021
# Process ID: 2108
# Current directory: E:/2021autum/computerarchitectureseminar/computer_architecture/lab3/CPU_CDE/gettrace
# Command line: vivado.exe -gui_launcher_event rodinguilauncherevent20608 E:\2021autum\computerarchitectureseminar\computer_architecture\lab3\CPU_CDE\gettrace\gettrace.xpr
# Log file: E:/2021autum/computerarchitectureseminar/computer_architecture/lab3/CPU_CDE/gettrace/vivado.log
# Journal file: E:/2021autum/computerarchitectureseminar/computer_architecture/lab3/CPU_CDE/gettrace\vivado.jou
#-----------------------------------------------------------
start_gui
open_project E:/2021autum/computerarchitectureseminar/computer_architecture/lab3/CPU_CDE/gettrace/gettrace.xpr
INFO: [ProjectBase 1-489] The host OS only allows 260 characters in a normal path. The project is stored in a path with more than 80 characters. If you experience issues with IP, Block Designs, or files not being found, please consider moving the project to a location with a shorter path. Alternately consider using the OS subst command to map part of the path to a drive letter.
Current project path is 'E:/2021autum/computerarchitectureseminar/computer_architecture/lab3/CPU_CDE/gettrace'
INFO: [Project 1-313] Project file moved from 'D:/Vivado/202108CALab2021/lab3/gettrace' since last save.
Scanning sources...
Finished scanning sources
WARNING: [filemgmt 56-2] IPUserFilesDir: Could not find the directory 'E:/2021autum/computerarchitectureseminar/computer_architecture/lab3/CPU_CDE/gettrace/gettrace.ip_user_files', nor could it be found using path 'D:/Vivado/202108CALab2021/lab3/gettrace/gettrace.ip_user_files'.
INFO: [IP_Flow 19-234] Refreshing IP repositories
INFO: [IP_Flow 19-1704] No user IP repositories specified
INFO: [IP_Flow 19-2313] Loaded Vivado IP repository 'H:/vivado/Vivado/2019.2/data/ip'.
update_compile_order -fileset sources_1
exit
INFO: [Common 17-206] Exiting Vivado at Tue Sep  7 22:03:22 2021...
