Vivado Simulator 2019.2
Time resolution is 1 ps
 Block Memory Generator module loading initial data...
 Block Memory Generator data initialization complete.
Block Memory Generator module tb_top.soc_lite.inst_ram.inst.native_mem_module.blk_mem_gen_v8_4_4_inst is using a behavioral model for simulation which will not precisely model memory collision behavior.
Block Memory Generator module tb_top.soc_lite.data_ram.inst.native_mem_module.blk_mem_gen_v8_4_4_inst is using a behavioral model for simulation which will not precisely model memory collision behavior.
==============================================================
Test begin!
        [  22000 ns] Test is running, debug_wb_pc = 0xxxxxxxxx
        [  32000 ns] Test is running, debug_wb_pc = 0xxxxxxxxx
        [  42000 ns] Test is running, debug_wb_pc = 0xxxxxxxxx
        [  52000 ns] Test is running, debug_wb_pc = 0xxxxxxxxx
        [  62000 ns] Test is running, debug_wb_pc = 0xxxxxxxxx
        [  72000 ns] Test is running, debug_wb_pc = 0xxxxxxxxx
        [  82000 ns] Test is running, debug_wb_pc = 0xxxxxxxxx
        [  92000 ns] Test is running, debug_wb_pc = 0xxxxxxxxx
        [ 102000 ns] Test is running, debug_wb_pc = 0xxxxxxxxx
        [ 112000 ns] Test is running, debug_wb_pc = 0xxxxxxxxx
        [ 122000 ns] Test is running, debug_wb_pc = 0xxxxxxxxx
        [ 132000 ns] Test is running, debug_wb_pc = 0xxxxxxxxx
        [ 142000 ns] Test is running, debug_wb_pc = 0xxxxxxxxx
        [ 152000 ns] Test is running, debug_wb_pc = 0xxxxxxxxx
        [ 162000 ns] Test is running, debug_wb_pc = 0xxxxxxxxx
        [ 172000 ns] Test is running, debug_wb_pc = 0xxxxxxxxx
        [ 182000 ns] Test is running, debug_wb_pc = 0xxxxxxxxx
        [ 192000 ns] Test is running, debug_wb_pc = 0xxxxxxxxx
        [ 202000 ns] Test is running, debug_wb_pc = 0xxxxxxxxx
        [ 212000 ns] Test is running, debug_wb_pc = 0xxxxxxxxx
        [ 222000 ns] Test is running, debug_wb_pc = 0xxxxxxxxx
        [ 232000 ns] Test is running, debug_wb_pc = 0xxxxxxxxx
        [ 242000 ns] Test is running, debug_wb_pc = 0xxxxxxxxx
        [ 252000 ns] Test is running, debug_wb_pc = 0xxxxxxxxx
        [ 262000 ns] Test is running, debug_wb_pc = 0xxxxxxxxx
        [ 272000 ns] Test is running, debug_wb_pc = 0xxxxxxxxx
        [ 282000 ns] Test is running, debug_wb_pc = 0xxxxxxxxx
        [ 292000 ns] Test is running, debug_wb_pc = 0xxxxxxxxx
        [ 302000 ns] Test is running, debug_wb_pc = 0xxxxxxxxx
        [ 312000 ns] Test is running, debug_wb_pc = 0xxxxxxxxx
        [ 322000 ns] Test is running, debug_wb_pc = 0xxxxxxxxx
        [ 332000 ns] Test is running, debug_wb_pc = 0xxxxxxxxx
        [ 342000 ns] Test is running, debug_wb_pc = 0xxxxxxxxx
        [ 352000 ns] Test is running, debug_wb_pc = 0xxxxxxxxx
        [ 362000 ns] Test is running, debug_wb_pc = 0xxxxxxxxx
        [ 372000 ns] Test is running, debug_wb_pc = 0xxxxxxxxx
        [ 382000 ns] Test is running, debug_wb_pc = 0xxxxxxxxx
        [ 392000 ns] Test is running, debug_wb_pc = 0xxxxxxxxx
        [ 402000 ns] Test is running, debug_wb_pc = 0xxxxxxxxx
        [ 412000 ns] Test is running, debug_wb_pc = 0xxxxxxxxx
        [ 422000 ns] Test is running, debug_wb_pc = 0xxxxxxxxx
        [ 432000 ns] Test is running, debug_wb_pc = 0xxxxxxxxx
        [ 442000 ns] Test is running, debug_wb_pc = 0xxxxxxxxx
        [ 452000 ns] Test is running, debug_wb_pc = 0xxxxxxxxx
        [ 462000 ns] Test is running, debug_wb_pc = 0xxxxxxxxx
        [ 472000 ns] Test is running, debug_wb_pc = 0xxxxxxxxx
        [ 482000 ns] Test is running, debug_wb_pc = 0xxxxxxxxx
        [ 492000 ns] Test is running, debug_wb_pc = 0xxxxxxxxx
        [ 502000 ns] Test is running, debug_wb_pc = 0xxxxxxxxx
        [ 512000 ns] Test is running, debug_wb_pc = 0xxxxxxxxx
        [ 522000 ns] Test is running, debug_wb_pc = 0xxxxxxxxx
        [ 532000 ns] Test is running, debug_wb_pc = 0xxxxxxxxx
        [ 542000 ns] Test is running, debug_wb_pc = 0xxxxxxxxx
        [ 552000 ns] Test is running, debug_wb_pc = 0xxxxxxxxx
        [ 562000 ns] Test is running, debug_wb_pc = 0xxxxxxxxx
        [ 572000 ns] Test is running, debug_wb_pc = 0xxxxxxxxx
        [ 582000 ns] Test is running, debug_wb_pc = 0xxxxxxxxx
        [ 592000 ns] Test is running, debug_wb_pc = 0xxxxxxxxx
        [ 602000 ns] Test is running, debug_wb_pc = 0xxxxxxxxx
        [ 612000 ns] Test is running, debug_wb_pc = 0xxxxxxxxx
        [ 622000 ns] Test is running, debug_wb_pc = 0xxxxxxxxx
        [ 632000 ns] Test is running, debug_wb_pc = 0xxxxxxxxx
        [ 642000 ns] Test is running, debug_wb_pc = 0xxxxxxxxx
        [ 652000 ns] Test is running, debug_wb_pc = 0xxxxxxxxx
        [ 662000 ns] Test is running, debug_wb_pc = 0xxxxxxxxx
        [ 672000 ns] Test is running, debug_wb_pc = 0xxxxxxxxx
        [ 682000 ns] Test is running, debug_wb_pc = 0xxxxxxxxx
        [ 692000 ns] Test is running, debug_wb_pc = 0xxxxxxxxx
        [ 702000 ns] Test is running, debug_wb_pc = 0xxxxxxxxx
        [ 712000 ns] Test is running, debug_wb_pc = 0xxxxxxxxx
        [ 722000 ns] Test is running, debug_wb_pc = 0xxxxxxxxx
        [ 732000 ns] Test is running, debug_wb_pc = 0xxxxxxxxx
        [ 742000 ns] Test is running, debug_wb_pc = 0xxxxxxxxx
        [ 752000 ns] Test is running, debug_wb_pc = 0xxxxxxxxx
        [ 762000 ns] Test is running, debug_wb_pc = 0xxxxxxxxx
        [ 772000 ns] Test is running, debug_wb_pc = 0xxxxxxxxx
        [ 782000 ns] Test is running, debug_wb_pc = 0xxxxxxxxx
        [ 792000 ns] Test is running, debug_wb_pc = 0xxxxxxxxx
        [ 802000 ns] Test is running, debug_wb_pc = 0xxxxxxxxx
        [ 812000 ns] Test is running, debug_wb_pc = 0xxxxxxxxx
        [ 822000 ns] Test is running, debug_wb_pc = 0xxxxxxxxx
        [ 832000 ns] Test is running, debug_wb_pc = 0xxxxxxxxx
        [ 842000 ns] Test is running, debug_wb_pc = 0xxxxxxxxx
        [ 852000 ns] Test is running, debug_wb_pc = 0xxxxxxxxx
        [ 862000 ns] Test is running, debug_wb_pc = 0xxxxxxxxx
        [ 872000 ns] Test is running, debug_wb_pc = 0xxxxxxxxx
        [ 882000 ns] Test is running, debug_wb_pc = 0xxxxxxxxx
        [ 892000 ns] Test is running, debug_wb_pc = 0xxxxxxxxx
        [ 902000 ns] Test is running, debug_wb_pc = 0xxxxxxxxx
        [ 912000 ns] Test is running, debug_wb_pc = 0xxxxxxxxx
        [ 922000 ns] Test is running, debug_wb_pc = 0xxxxxxxxx
        [ 932000 ns] Test is running, debug_wb_pc = 0xxxxxxxxx
        [ 942000 ns] Test is running, debug_wb_pc = 0xxxxxxxxx
        [ 952000 ns] Test is running, debug_wb_pc = 0xxxxxxxxx
        [ 962000 ns] Test is running, debug_wb_pc = 0xxxxxxxxx
        [ 972000 ns] Test is running, debug_wb_pc = 0xxxxxxxxx
        [ 982000 ns] Test is running, debug_wb_pc = 0xxxxxxxxx
        [ 992000 ns] Test is running, debug_wb_pc = 0xxxxxxxxx
        [1002000 ns] Test is running, debug_wb_pc = 0xxxxxxxxx
        [1012000 ns] Test is running, debug_wb_pc = 0xxxxxxxxx
        [1022000 ns] Test is running, debug_wb_pc = 0xxxxxxxxx
        [1032000 ns] Test is running, debug_wb_pc = 0xxxxxxxxx
        [1042000 ns] Test is running, debug_wb_pc = 0xxxxxxxxx
        [1052000 ns] Test is running, debug_wb_pc = 0xxxxxxxxx
        [1062000 ns] Test is running, debug_wb_pc = 0xxxxxxxxx
        [1072000 ns] Test is running, debug_wb_pc = 0xxxxxxxxx
        [1082000 ns] Test is running, debug_wb_pc = 0xxxxxxxxx
        [1092000 ns] Test is running, debug_wb_pc = 0xxxxxxxxx
        [1102000 ns] Test is running, debug_wb_pc = 0xxxxxxxxx
        [1112000 ns] Test is running, debug_wb_pc = 0xxxxxxxxx
        [1122000 ns] Test is running, debug_wb_pc = 0xxxxxxxxx
        [1132000 ns] Test is running, debug_wb_pc = 0xxxxxxxxx
        [1142000 ns] Test is running, debug_wb_pc = 0xxxxxxxxx
        [1152000 ns] Test is running, debug_wb_pc = 0xxxxxxxxx
        [1162000 ns] Test is running, debug_wb_pc = 0xxxxxxxxx
        [1172000 ns] Test is running, debug_wb_pc = 0xxxxxxxxx
        [1182000 ns] Test is running, debug_wb_pc = 0xxxxxxxxx
        [1192000 ns] Test is running, debug_wb_pc = 0xxxxxxxxx
        [1202000 ns] Test is running, debug_wb_pc = 0xxxxxxxxx
        [1212000 ns] Test is running, debug_wb_pc = 0xxxxxxxxx
        [1222000 ns] Test is running, debug_wb_pc = 0xxxxxxxxx
        [1232000 ns] Test is running, debug_wb_pc = 0xxxxxxxxx
        [1242000 ns] Test is running, debug_wb_pc = 0xxxxxxxxx
        [1252000 ns] Test is running, debug_wb_pc = 0xxxxxxxxx
        [1262000 ns] Test is running, debug_wb_pc = 0xxxxxxxxx
        [1272000 ns] Test is running, debug_wb_pc = 0xxxxxxxxx
        [1282000 ns] Test is running, debug_wb_pc = 0xxxxxxxxx
        [1292000 ns] Test is running, debug_wb_pc = 0xxxxxxxxx
        [1302000 ns] Test is running, debug_wb_pc = 0xxxxxxxxx
        [1312000 ns] Test is running, debug_wb_pc = 0xxxxxxxxx
        [1322000 ns] Test is running, debug_wb_pc = 0xxxxxxxxx
        [1332000 ns] Test is running, debug_wb_pc = 0xxxxxxxxx
        [1342000 ns] Test is running, debug_wb_pc = 0xxxxxxxxx
        [1352000 ns] Test is running, debug_wb_pc = 0xxxxxxxxx
        [1362000 ns] Test is running, debug_wb_pc = 0xxxxxxxxx
        [1372000 ns] Test is running, debug_wb_pc = 0xxxxxxxxx
        [1382000 ns] Test is running, debug_wb_pc = 0xxxxxxxxx
        [1392000 ns] Test is running, debug_wb_pc = 0xxxxxxxxx
        [1402000 ns] Test is running, debug_wb_pc = 0xxxxxxxxx
        [1412000 ns] Test is running, debug_wb_pc = 0xxxxxxxxx
        [1422000 ns] Test is running, debug_wb_pc = 0xxxxxxxxx
        [1432000 ns] Test is running, debug_wb_pc = 0xxxxxxxxx
        [1442000 ns] Test is running, debug_wb_pc = 0xxxxxxxxx
        [1452000 ns] Test is running, debug_wb_pc = 0xxxxxxxxx
        [1462000 ns] Test is running, debug_wb_pc = 0xxxxxxxxx
        [1472000 ns] Test is running, debug_wb_pc = 0xxxxxxxxx
        [1482000 ns] Test is running, debug_wb_pc = 0xxxxxxxxx
        [1492000 ns] Test is running, debug_wb_pc = 0xxxxxxxxx
        [1502000 ns] Test is running, debug_wb_pc = 0xxxxxxxxx
        [1512000 ns] Test is running, debug_wb_pc = 0xxxxxxxxx
        [1522000 ns] Test is running, debug_wb_pc = 0xxxxxxxxx
        [1532000 ns] Test is running, debug_wb_pc = 0xxxxxxxxx
        [1542000 ns] Test is running, debug_wb_pc = 0xxxxxxxxx
        [1552000 ns] Test is running, debug_wb_pc = 0xxxxxxxxx
        [1562000 ns] Test is running, debug_wb_pc = 0xxxxxxxxx
        [1572000 ns] Test is running, debug_wb_pc = 0xxxxxxxxx
        [1582000 ns] Test is running, debug_wb_pc = 0xxxxxxxxx
        [1592000 ns] Test is running, debug_wb_pc = 0xxxxxxxxx
        [1602000 ns] Test is running, debug_wb_pc = 0xxxxxxxxx
        [1612000 ns] Test is running, debug_wb_pc = 0xxxxxxxxx
        [1622000 ns] Test is running, debug_wb_pc = 0xxxxxxxxx
        [1632000 ns] Test is running, debug_wb_pc = 0xxxxxxxxx
        [1642000 ns] Test is running, debug_wb_pc = 0xxxxxxxxx
        [1652000 ns] Test is running, debug_wb_pc = 0xxxxxxxxx
        [1662000 ns] Test is running, debug_wb_pc = 0xxxxxxxxx
        [1672000 ns] Test is running, debug_wb_pc = 0xxxxxxxxx
        [1682000 ns] Test is running, debug_wb_pc = 0xxxxxxxxx
        [1692000 ns] Test is running, debug_wb_pc = 0xxxxxxxxx
        [1702000 ns] Test is running, debug_wb_pc = 0xxxxxxxxx
        [1712000 ns] Test is running, debug_wb_pc = 0xxxxxxxxx
        [1722000 ns] Test is running, debug_wb_pc = 0xxxxxxxxx
        [1732000 ns] Test is running, debug_wb_pc = 0xxxxxxxxx
        [1742000 ns] Test is running, debug_wb_pc = 0xxxxxxxxx
        [1752000 ns] Test is running, debug_wb_pc = 0xxxxxxxxx
        [1762000 ns] Test is running, debug_wb_pc = 0xxxxxxxxx
        [1772000 ns] Test is running, debug_wb_pc = 0xxxxxxxxx
        [1782000 ns] Test is running, debug_wb_pc = 0xxxxxxxxx
        [1792000 ns] Test is running, debug_wb_pc = 0xxxxxxxxx
        [1802000 ns] Test is running, debug_wb_pc = 0xxxxxxxxx
        [1812000 ns] Test is running, debug_wb_pc = 0xxxxxxxxx
        [1822000 ns] Test is running, debug_wb_pc = 0xxxxxxxxx
        [1832000 ns] Test is running, debug_wb_pc = 0xxxxxxxxx
        [1842000 ns] Test is running, debug_wb_pc = 0xxxxxxxxx
        [1852000 ns] Test is running, debug_wb_pc = 0xxxxxxxxx
        [1862000 ns] Test is running, debug_wb_pc = 0xxxxxxxxx
        [1872000 ns] Test is running, debug_wb_pc = 0xxxxxxxxx
        [1882000 ns] Test is running, debug_wb_pc = 0xxxxxxxxx
        [1892000 ns] Test is running, debug_wb_pc = 0xxxxxxxxx
        [1902000 ns] Test is running, debug_wb_pc = 0xxxxxxxxx
        [1912000 ns] Test is running, debug_wb_pc = 0xxxxxxxxx
        [1922000 ns] Test is running, debug_wb_pc = 0xxxxxxxxx
        [1932000 ns] Test is running, debug_wb_pc = 0xxxxxxxxx
        [1942000 ns] Test is running, debug_wb_pc = 0xxxxxxxxx
        [1952000 ns] Test is running, debug_wb_pc = 0xxxxxxxxx
        [1962000 ns] Test is running, debug_wb_pc = 0xxxxxxxxx
        [1972000 ns] Test is running, debug_wb_pc = 0xxxxxxxxx
        [1982000 ns] Test is running, debug_wb_pc = 0xxxxxxxxx
        [1992000 ns] Test is running, debug_wb_pc = 0xxxxxxxxx
        [2002000 ns] Test is running, debug_wb_pc = 0xxxxxxxxx
        [2012000 ns] Test is running, debug_wb_pc = 0xxxxxxxxx
        [2022000 ns] Test is running, debug_wb_pc = 0xxxxxxxxx
        [2032000 ns] Test is running, debug_wb_pc = 0xxxxxxxxx
        [2042000 ns] Test is running, debug_wb_pc = 0xxxxxxxxx
        [2052000 ns] Test is running, debug_wb_pc = 0xxxxxxxxx
        [2062000 ns] Test is running, debug_wb_pc = 0xxxxxxxxx
        [2072000 ns] Test is running, debug_wb_pc = 0xxxxxxxxx
        [2082000 ns] Test is running, debug_wb_pc = 0xxxxxxxxx
        [2092000 ns] Test is running, debug_wb_pc = 0xxxxxxxxx
        [2102000 ns] Test is running, debug_wb_pc = 0xxxxxxxxx
        [2112000 ns] Test is running, debug_wb_pc = 0xxxxxxxxx
        [2122000 ns] Test is running, debug_wb_pc = 0xxxxxxxxx
        [2132000 ns] Test is running, debug_wb_pc = 0xxxxxxxxx
        [2142000 ns] Test is running, debug_wb_pc = 0xxxxxxxxx
        [2152000 ns] Test is running, debug_wb_pc = 0xxxxxxxxx
        [2162000 ns] Test is running, debug_wb_pc = 0xxxxxxxxx
        [2172000 ns] Test is running, debug_wb_pc = 0xxxxxxxxx
        [2182000 ns] Test is running, debug_wb_pc = 0xxxxxxxxx
        [2192000 ns] Test is running, debug_wb_pc = 0xxxxxxxxx
        [2202000 ns] Test is running, debug_wb_pc = 0xxxxxxxxx
        [2212000 ns] Test is running, debug_wb_pc = 0xxxxxxxxx
        [2222000 ns] Test is running, debug_wb_pc = 0xxxxxxxxx
        [2232000 ns] Test is running, debug_wb_pc = 0xxxxxxxxx
        [2242000 ns] Test is running, debug_wb_pc = 0xxxxxxxxx
        [2252000 ns] Test is running, debug_wb_pc = 0xxxxxxxxx
        [2262000 ns] Test is running, debug_wb_pc = 0xxxxxxxxx
        [2272000 ns] Test is running, debug_wb_pc = 0xxxxxxxxx
        [2282000 ns] Test is running, debug_wb_pc = 0xxxxxxxxx
        [2292000 ns] Test is running, debug_wb_pc = 0xxxxxxxxx
        [2302000 ns] Test is running, debug_wb_pc = 0xxxxxxxxx
        [2312000 ns] Test is running, debug_wb_pc = 0xxxxxxxxx
        [2322000 ns] Test is running, debug_wb_pc = 0xxxxxxxxx
        [2332000 ns] Test is running, debug_wb_pc = 0xxxxxxxxx
        [2342000 ns] Test is running, debug_wb_pc = 0xxxxxxxxx
        [2352000 ns] Test is running, debug_wb_pc = 0xxxxxxxxx
        [2362000 ns] Test is running, debug_wb_pc = 0xxxxxxxxx
        [2372000 ns] Test is running, debug_wb_pc = 0xxxxxxxxx
        [2382000 ns] Test is running, debug_wb_pc = 0xxxxxxxxx
        [2392000 ns] Test is running, debug_wb_pc = 0xxxxxxxxx
        [2402000 ns] Test is running, debug_wb_pc = 0xxxxxxxxx
        [2412000 ns] Test is running, debug_wb_pc = 0xxxxxxxxx
        [2422000 ns] Test is running, debug_wb_pc = 0xxxxxxxxx
        [2432000 ns] Test is running, debug_wb_pc = 0xxxxxxxxx
        [2442000 ns] Test is running, debug_wb_pc = 0xxxxxxxxx
        [2452000 ns] Test is running, debug_wb_pc = 0xxxxxxxxx
        [2462000 ns] Test is running, debug_wb_pc = 0xxxxxxxxx
        [2472000 ns] Test is running, debug_wb_pc = 0xxxxxxxxx
        [2482000 ns] Test is running, debug_wb_pc = 0xxxxxxxxx
        [2492000 ns] Test is running, debug_wb_pc = 0xxxxxxxxx
        [2502000 ns] Test is running, debug_wb_pc = 0xxxxxxxxx
        [2512000 ns] Test is running, debug_wb_pc = 0xxxxxxxxx
        [2522000 ns] Test is running, debug_wb_pc = 0xxxxxxxxx
        [2532000 ns] Test is running, debug_wb_pc = 0xxxxxxxxx
        [2542000 ns] Test is running, debug_wb_pc = 0xxxxxxxxx
        [2552000 ns] Test is running, debug_wb_pc = 0xxxxxxxxx
        [2562000 ns] Test is running, debug_wb_pc = 0xxxxxxxxx
        [2572000 ns] Test is running, debug_wb_pc = 0xxxxxxxxx
        [2582000 ns] Test is running, debug_wb_pc = 0xxxxxxxxx
        [2592000 ns] Test is running, debug_wb_pc = 0xxxxxxxxx
        [2602000 ns] Test is running, debug_wb_pc = 0xxxxxxxxx
        [2612000 ns] Test is running, debug_wb_pc = 0xxxxxxxxx
        [2622000 ns] Test is running, debug_wb_pc = 0xxxxxxxxx
        [2632000 ns] Test is running, debug_wb_pc = 0xxxxxxxxx
        [2642000 ns] Test is running, debug_wb_pc = 0xxxxxxxxx
        [2652000 ns] Test is running, debug_wb_pc = 0xxxxxxxxx
        [2662000 ns] Test is running, debug_wb_pc = 0xxxxxxxxx
        [2672000 ns] Test is running, debug_wb_pc = 0xxxxxxxxx
        [2682000 ns] Test is running, debug_wb_pc = 0xxxxxxxxx
        [2692000 ns] Test is running, debug_wb_pc = 0xxxxxxxxx
        [2702000 ns] Test is running, debug_wb_pc = 0xxxxxxxxx
        [2712000 ns] Test is running, debug_wb_pc = 0xxxxxxxxx
        [2722000 ns] Test is running, debug_wb_pc = 0xxxxxxxxx
        [2732000 ns] Test is running, debug_wb_pc = 0xxxxxxxxx
        [2742000 ns] Test is running, debug_wb_pc = 0xxxxxxxxx
        [2752000 ns] Test is running, debug_wb_pc = 0xxxxxxxxx
        [2762000 ns] Test is running, debug_wb_pc = 0xxxxxxxxx
        [2772000 ns] Test is running, debug_wb_pc = 0xxxxxxxxx
        [2782000 ns] Test is running, debug_wb_pc = 0xxxxxxxxx
        [2792000 ns] Test is running, debug_wb_pc = 0xxxxxxxxx
        [2802000 ns] Test is running, debug_wb_pc = 0xxxxxxxxx
        [2812000 ns] Test is running, debug_wb_pc = 0xxxxxxxxx
        [2822000 ns] Test is running, debug_wb_pc = 0xxxxxxxxx
        [2832000 ns] Test is running, debug_wb_pc = 0xxxxxxxxx
        [2842000 ns] Test is running, debug_wb_pc = 0xxxxxxxxx
        [2852000 ns] Test is running, debug_wb_pc = 0xxxxxxxxx
        [2862000 ns] Test is running, debug_wb_pc = 0xxxxxxxxx
        [2872000 ns] Test is running, debug_wb_pc = 0xxxxxxxxx
        [2882000 ns] Test is running, debug_wb_pc = 0xxxxxxxxx
        [2892000 ns] Test is running, debug_wb_pc = 0xxxxxxxxx
        [2902000 ns] Test is running, debug_wb_pc = 0xxxxxxxxx
        [2912000 ns] Test is running, debug_wb_pc = 0xxxxxxxxx
        [2922000 ns] Test is running, debug_wb_pc = 0xxxxxxxxx
        [2932000 ns] Test is running, debug_wb_pc = 0xxxxxxxxx
        [2942000 ns] Test is running, debug_wb_pc = 0xxxxxxxxx
        [2952000 ns] Test is running, debug_wb_pc = 0xxxxxxxxx
        [2962000 ns] Test is running, debug_wb_pc = 0xxxxxxxxx
        [2972000 ns] Test is running, debug_wb_pc = 0xxxxxxxxx
        [2982000 ns] Test is running, debug_wb_pc = 0xxxxxxxxx
        [2992000 ns] Test is running, debug_wb_pc = 0xxxxxxxxx
        [3002000 ns] Test is running, debug_wb_pc = 0xxxxxxxxx
        [3012000 ns] Test is running, debug_wb_pc = 0xxxxxxxxx
        [3022000 ns] Test is running, debug_wb_pc = 0xxxxxxxxx
        [3032000 ns] Test is running, debug_wb_pc = 0xxxxxxxxx
        [3042000 ns] Test is running, debug_wb_pc = 0xxxxxxxxx
        [3052000 ns] Test is running, debug_wb_pc = 0xxxxxxxxx
        [3062000 ns] Test is running, debug_wb_pc = 0xxxxxxxxx
        [3072000 ns] Test is running, debug_wb_pc = 0xxxxxxxxx
        [3082000 ns] Test is running, debug_wb_pc = 0xxxxxxxxx
        [3092000 ns] Test is running, debug_wb_pc = 0xxxxxxxxx
        [3102000 ns] Test is running, debug_wb_pc = 0xxxxxxxxx
        [3112000 ns] Test is running, debug_wb_pc = 0xxxxxxxxx
        [3122000 ns] Test is running, debug_wb_pc = 0xxxxxxxxx
        [3132000 ns] Test is running, debug_wb_pc = 0xxxxxxxxx
        [3142000 ns] Test is running, debug_wb_pc = 0xxxxxxxxx
        [3152000 ns] Test is running, debug_wb_pc = 0xxxxxxxxx
        [3162000 ns] Test is running, debug_wb_pc = 0xxxxxxx